Found session user ID: O2FAPBMC in C:\Users\o2fapbmc\tpcr-cli\tpcrcli-auth.properties
Locating primary TPC-R server
Preparing action: test_conn on mmboot
System.Object[]
System.Object[]
System.Object[]
System.Object[]
System.Object[]
System.Object[]
System.Object[]
System.Object[]
Currently logged in as O2FAPBMC 
  Server: eccis791.md2.ford.com Port: 9560 
  Authentication file: C:\Users\o2fapbmc\tpcr-cli\tpcrcli-auth.properties

Server name eccis791.md2.ford.com found in C:\storage_tools\csmscripts\cli_script\servers.properties
Preparing action: test_conn on mmboot
System.Object[]
System.Object[]
System.Object[]
System.Object[]
System.Object[]
System.Object[]
System.Object[]
System.Object[]
Currently logged in as O2FAPBMC 
  Server: eccis791.md2.ford.com Port: 9560 
  Authentication file: C:\Users\o2fapbmc\tpcr-cli\tpcrcli-auth.properties

Preparing action: test_conn on mmdata
System.Object[]
System.Object[]
System.Object[]
System.Object[]
System.Object[]
System.Object[]
System.Object[]
System.Object[]
Currently logged in as O2FAPBMC 
  Server: eccis791.md2.ford.com Port: 9560 
  Authentication file: C:\Users\o2fapbmc\tpcr-cli\tpcrcli-auth.properties

Found session user ID: O2FAPBMC in C:\Users\o2fapbmc\tpcr-cli\tpcrcli-auth.properties
Locating primary TPC-R server
Preparing action: test_conn on mmboot
System.Object[]
System.Object[]
System.Object[]
System.Object[]
System.Object[]
System.Object[]
System.Object[]
System.Object[]
Currently logged in as O2FAPBMC 
  Server: eccis791.md2.ford.com Port: 9560 
  Authentication file: C:\Users\o2fapbmc\tpcr-cli\tpcrcli-auth.properties

Server name eccis791.md2.ford.com found in C:\storage_tools\csmscripts\cli_script\servers.properties
Found session user ID: O2FAPBMC in C:\Users\o2fapbmc\tpcr-cli\tpcrcli-auth.properties
Locating primary TPC-R server
Preparing action: test_conn on mmboot
System.Object[]
System.Object[]
System.Object[]
System.Object[]
System.Object[]
System.Object[]
System.Object[]
System.Object[]
Currently logged in as O2FAPBMC 
  Server: eccis791.md2.ford.com Port: 9560 
  Authentication file: C:\Users\o2fapbmc\tpcr-cli\tpcrcli-auth.properties

Server name eccis791.md2.ford.com found in C:\storage_tools\csmscripts\cli_script\servers.properties
Found session user ID: o2sq1012 in C:\Users\o2sq1012\tpcr-cli\tpcrcli-auth.properties
Locating primary TPC-R server
Preparing action: test_conn on mmboot
System.Object[]
System.Object[]
System.Object[]
System.Object[]
System.Object[]
System.Object[]
System.Object[]
System.Object[]
Currently logged in as o2sq1012 
  Server: eccis791.md2.ford.com Port: 9560 
  Authentication file: C:\Users\o2sq1012\tpcr-cli\tpcrcli-auth.properties

Server name eccis791.md2.ford.com found in C:\storage_tools\csmscripts\cli_script\servers.properties
Preparing action: test_conn on mmboot
System.Object[]
System.Object[]
System.Object[]
System.Object[]
System.Object[]
System.Object[]
System.Object[]
System.Object[]
Currently logged in as o2sq1012 
  Server: eccis791.md2.ford.com Port: 9560 
  Authentication file: C:\Users\o2sq1012\tpcr-cli\tpcrcli-auth.properties

Preparing action: test_conn on mmdata
System.Object[]
System.Object[]
System.Object[]
System.Object[]
System.Object[]
System.Object[]
System.Object[]
System.Object[]
Currently logged in as o2sq1012 
  Server: eccis791.md2.ford.com Port: 9560 
  Authentication file: C:\Users\o2sq1012\tpcr-cli\tpcrcli-auth.properties

Found session user ID: o2sq1012 in C:\Users\o2sq1012\tpcr-cli\tpcrcli-auth.properties
Locating primary TPC-R server
Preparing action: test_conn on mmboot
System.Object[]
System.Object[]
System.Object[]
System.Object[]
System.Object[]
System.Object[]
System.Object[]
System.Object[]
Currently logged in as o2sq1012 
  Server: eccis791.md2.ford.com Port: 9560 
  Authentication file: C:\Users\o2sq1012\tpcr-cli\tpcrcli-auth.properties

Server name eccis791.md2.ford.com found in C:\storage_tools\csmscripts\cli_script\servers.properties
Preparing action: test_conn on mmboot
System.Object[]
System.Object[]
System.Object[]
System.Object[]
System.Object[]
System.Object[]
System.Object[]
System.Object[]
Currently logged in as o2sq1012 
  Server: eccis791.md2.ford.com Port: 9560 
  Authentication file: C:\Users\o2sq1012\tpcr-cli\tpcrcli-auth.properties

Preparing action: test_conn on mmdata
System.Object[]
System.Object[]
System.Object[]
System.Object[]
System.Object[]
System.Object[]
System.Object[]
System.Object[]
Currently logged in as o2sq1012 
  Server: eccis791.md2.ford.com Port: 9560 
  Authentication file: C:\Users\o2sq1012\tpcr-cli\tpcrcli-auth.properties

Found session user ID: o2sq1012 in C:\Users\o2sq1012\tpcr-cli\tpcrcli-auth.properties
Locating primary TPC-R server
Preparing action: test_conn on mmboot
System.Object[]
System.Object[]
System.Object[]
System.Object[]
System.Object[]
System.Object[]
System.Object[]
System.Object[]
Currently logged in as o2sq1012 
  Server: eccis791.md2.ford.com Port: 9560 
  Authentication file: C:\Users\o2sq1012\tpcr-cli\tpcrcli-auth.properties

Server name eccis791.md2.ford.com found in C:\storage_tools\csmscripts\cli_script\servers.properties
Preparing action: test_conn on mmboot
System.Object[]
System.Object[]
System.Object[]
System.Object[]
System.Object[]
System.Object[]
System.Object[]
System.Object[]
Currently logged in as o2sq1012 
  Server: eccis791.md2.ford.com Port: 9560 
  Authentication file: C:\Users\o2sq1012\tpcr-cli\tpcrcli-auth.properties

Preparing action: test_conn on mmdata
System.Object[]
System.Object[]
System.Object[]
System.Object[]
System.Object[]
System.Object[]
System.Object[]
System.Object[]
Currently logged in as o2sq1012 
  Server: eccis791.md2.ford.com Port: 9560 
  Authentication file: C:\Users\o2sq1012\tpcr-cli\tpcrcli-auth.properties

System.Object[]
Found session user ID: o2sq1012 in C:\Users\o2sq1012\tpcr-cli\tpcrcli-auth.properties
Locating primary TPC-R server
Preparing action: test_conn on mmboot
System.Object[]
System.Object[]
System.Object[]
System.Object[]
System.Object[]
System.Object[]
System.Object[]
System.Object[]
Currently logged in as o2sq1012 
  Server: eccis791.md2.ford.com Port: 9560 
  Authentication file: C:\Users\o2sq1012\tpcr-cli\tpcrcli-auth.properties

Server name eccis791.md2.ford.com found in C:\storage_tools\csmscripts\cli_script\servers.properties
Preparing action: test_conn on mmboot
System.Object[]
System.Object[]
System.Object[]
System.Object[]
System.Object[]
System.Object[]
System.Object[]
System.Object[]
Currently logged in as o2sq1012 
  Server: eccis791.md2.ford.com Port: 9560 
  Authentication file: C:\Users\o2sq1012\tpcr-cli\tpcrcli-auth.properties

Preparing action: test_conn on mmdata
System.Object[]
System.Object[]
System.Object[]
System.Object[]
System.Object[]
System.Object[]
System.Object[]
System.Object[]
Currently logged in as o2sq1012 
  Server: eccis791.md2.ford.com Port: 9560 
  Authentication file: C:\Users\o2sq1012\tpcr-cli\tpcrcli-auth.properties

Found session user ID: o2sq1012 in C:\Users\o2sq1012\tpcr-cli\tpcrcli-auth.properties
Locating primary TPC-R server
Preparing action: test_conn on mmboot
System.Object[]
System.Object[]
System.Object[]
System.Object[]
System.Object[]
System.Object[]
System.Object[]
System.Object[]
Currently logged in as o2sq1012 
  Server: eccis791.md2.ford.com Port: 9560 
  Authentication file: C:\Users\o2sq1012\tpcr-cli\tpcrcli-auth.properties

Server name eccis791.md2.ford.com found in C:\storage_tools\csmscripts\cli_script\servers.properties
Preparing action: test_conn on mmboot
System.Object[]
System.Object[]
System.Object[]
System.Object[]
System.Object[]
System.Object[]
System.Object[]
System.Object[]
Currently logged in as o2sq1012 
  Server: eccis791.md2.ford.com Port: 9560 
  Authentication file: C:\Users\o2sq1012\tpcr-cli\tpcrcli-auth.properties

Preparing action: test_conn on mmdata
System.Object[]
System.Object[]
System.Object[]
System.Object[]
System.Object[]
System.Object[]
System.Object[]
System.Object[]
Currently logged in as o2sq1012 
  Server: eccis791.md2.ford.com Port: 9560 
  Authentication file: C:\Users\o2sq1012\tpcr-cli\tpcrcli-auth.properties

Found session user ID: o2sq1012 in C:\Users\o2sq1012\tpcr-cli\tpcrcli-auth.properties
Locating primary TPC-R server
Preparing action: test_conn on mmboot
System.Object[]
System.Object[]
System.Object[]
System.Object[]
System.Object[]
System.Object[]
System.Object[]
System.Object[]
Currently logged in as o2sq1012 
  Server: eccis791.md2.ford.com Port: 9560 
  Authentication file: C:\Users\o2sq1012\tpcr-cli\tpcrcli-auth.properties

Server name eccis791.md2.ford.com found in C:\storage_tools\csmscripts\cli_script\servers.properties
Preparing action: get_activehost on mmboot
System.Object[]
System.Object[]
System.Object[]
System.Object[]
System.Object[]
System.Object[]
System.Object[]
System.Object[]
H1

Preparing action: get_state on mmboot
System.Object[]
System.Object[]
System.Object[]
System.Object[]
System.Object[]
System.Object[]
System.Object[]
System.Object[]
Prepared

Preparing action: get_status on mmboot
System.Object[]
System.Object[]
System.Object[]
System.Object[]
System.Object[]
System.Object[]
System.Object[]
System.Object[]
H1-H2,Yes,No,Yes,MM,100,0,1,1,1,n/a

System.Object[]
Preparing action: suspend on mmboot
System.Object[]
System.Object[]
System.Object[]
System.Object[]
System.Object[]
System.Object[]
System.Object[]
System.Object[]
IWNR1026I [Aug 16, 2015 8:26:23 AM] The Suspend command in the O2SQ1012_eccdb1012_fcdb1012-MMBoot session completed.

Preparing action: recover on mmboot
System.Object[]
System.Object[]
System.Object[]
System.Object[]
System.Object[]
System.Object[]
System.Object[]
System.Object[]
IWNR1026I [Aug 16, 2015 8:26:31 AM] The Recover command in the O2SQ1012_eccdb1012_fcdb1012-MMBoot session completed.

Preparing action: enable_copy_to_site_1 on mmboot
System.Object[]
System.Object[]
System.Object[]
System.Object[]
System.Object[]
System.Object[]
System.Object[]
System.Object[]
IWNR1026I [Aug 16, 2015 8:26:38 AM] The Enable Copy to Site 1 command in the O2SQ1012_eccdb1012_fcdb1012-MMBoot session completed.

Preparing action: start_h2:h1 on mmboot
System.Object[]
System.Object[]
System.Object[]
System.Object[]
System.Object[]
System.Object[]
System.Object[]
System.Object[]
IWNR1026I [Aug 16, 2015 8:26:47 AM] The Start H2->H1 command in the O2SQ1012_eccdb1012_fcdb1012-MMBoot session completed.

Preparing action: get_state on mmboot
System.Object[]
System.Object[]
System.Object[]
System.Object[]
System.Object[]
System.Object[]
System.Object[]
System.Object[]
Prepared

Preparing action: get_activehost on mmdata
System.Object[]
System.Object[]
System.Object[]
System.Object[]
System.Object[]
System.Object[]
System.Object[]
System.Object[]
H1

Preparing action: get_state on mmdata
System.Object[]
System.Object[]
System.Object[]
System.Object[]
System.Object[]
System.Object[]
System.Object[]
System.Object[]
Prepared

Preparing action: get_status on mmdata
System.Object[]
System.Object[]
System.Object[]
System.Object[]
System.Object[]
System.Object[]
System.Object[]
System.Object[]
H1-H2,Yes,No,Yes,MM,100,0,8,8,8,n/a

System.Object[]
Preparing action: suspend on mmdata
System.Object[]
System.Object[]
System.Object[]
System.Object[]
System.Object[]
System.Object[]
System.Object[]
System.Object[]
IWNR1026I [Aug 16, 2015 8:27:26 AM] The Suspend command in the O2SQ1012_eccdb1012_fcdb1012-MMData session completed.

Preparing action: recover on mmdata
System.Object[]
System.Object[]
System.Object[]
System.Object[]
System.Object[]
System.Object[]
System.Object[]
System.Object[]
IWNR1026I [Aug 16, 2015 8:27:35 AM] The Recover command in the O2SQ1012_eccdb1012_fcdb1012-MMData session completed.

Preparing action: enable_copy_to_site_1 on mmdata
System.Object[]
System.Object[]
System.Object[]
System.Object[]
System.Object[]
System.Object[]
System.Object[]
System.Object[]
IWNR1026I [Aug 16, 2015 8:27:42 AM] The Enable Copy to Site 1 command in the O2SQ1012_eccdb1012_fcdb1012-MMData session completed.

Preparing action: start_h2:h1 on mmdata
System.Object[]
System.Object[]
System.Object[]
System.Object[]
System.Object[]
System.Object[]
System.Object[]
System.Object[]
IWNR1026I [Aug 16, 2015 8:27:51 AM] The Start H2->H1 command in the O2SQ1012_eccdb1012_fcdb1012-MMData session completed.

Preparing action: get_state on mmdata
System.Object[]
System.Object[]
System.Object[]
System.Object[]
System.Object[]
System.Object[]
System.Object[]
System.Object[]
Prepared

Found session user ID: o2sq1012 in C:\Users\o2sq1012\tpcr-cli\tpcrcli-auth.properties
Locating primary TPC-R server
Preparing action: test_conn on mmboot
System.Object[]
System.Object[]
System.Object[]
System.Object[]
System.Object[]
System.Object[]
System.Object[]
System.Object[]
Currently logged in as o2sq1012 
  Server: eccis791.md2.ford.com Port: 9560 
  Authentication file: C:\Users\o2sq1012\tpcr-cli\tpcrcli-auth.properties

Server name eccis791.md2.ford.com found in C:\storage_tools\csmscripts\cli_script\servers.properties
Preparing action: get_activehost on mmboot
System.Object[]
System.Object[]
System.Object[]
System.Object[]
System.Object[]
System.Object[]
System.Object[]
System.Object[]
H2

Preparing action: get_state on mmboot
System.Object[]
System.Object[]
System.Object[]
System.Object[]
System.Object[]
System.Object[]
System.Object[]
System.Object[]
Prepared

Preparing action: get_status on mmboot
System.Object[]
System.Object[]
System.Object[]
System.Object[]
System.Object[]
System.Object[]
System.Object[]
System.Object[]
H1-H2,Yes,No,Yes,MM,100,0,1,1,1,n/a

System.Object[]
Preparing action: suspend on mmboot
System.Object[]
System.Object[]
System.Object[]
System.Object[]
System.Object[]
System.Object[]
System.Object[]
System.Object[]
IWNR1026I [Aug 16, 2015 12:06:09 PM] The Suspend command in the O2SQ1012_eccdb1012_fcdb1012-MMBoot session completed.

Preparing action: recover on mmboot
System.Object[]
System.Object[]
System.Object[]
System.Object[]
System.Object[]
System.Object[]
System.Object[]
System.Object[]
IWNR1026I [Aug 16, 2015 12:06:17 PM] The Recover command in the O2SQ1012_eccdb1012_fcdb1012-MMBoot session completed.

Preparing action: enable_copy_to_site_2 on mmboot
System.Object[]
System.Object[]
System.Object[]
System.Object[]
System.Object[]
System.Object[]
System.Object[]
System.Object[]
IWNR1026I [Aug 16, 2015 12:06:24 PM] The Enable Copy to Site 2 command in the O2SQ1012_eccdb1012_fcdb1012-MMBoot session completed.

Preparing action: start_h1:h2 on mmboot
System.Object[]
System.Object[]
System.Object[]
System.Object[]
System.Object[]
System.Object[]
System.Object[]
System.Object[]
IWNR1026I [Aug 16, 2015 12:06:32 PM] The Start H1->H2 command in the O2SQ1012_eccdb1012_fcdb1012-MMBoot session completed.

Preparing action: get_state on mmboot
System.Object[]
System.Object[]
System.Object[]
System.Object[]
System.Object[]
System.Object[]
System.Object[]
System.Object[]
Preparing

System.Object[]
Preparing action: get_activehost on mmboot
System.Object[]
System.Object[]
System.Object[]
System.Object[]
System.Object[]
System.Object[]
System.Object[]
System.Object[]
H1

System.Object[]
Preparing action: get_activehost on mmboot
System.Object[]
System.Object[]
System.Object[]
System.Object[]
System.Object[]
System.Object[]
System.Object[]
System.Object[]
H1

Preparing action: get_state on mmboot
System.Object[]
System.Object[]
System.Object[]
System.Object[]
System.Object[]
System.Object[]
System.Object[]
System.Object[]
Prepared

Preparing action: get_status on mmboot
System.Object[]
System.Object[]
System.Object[]
System.Object[]
System.Object[]
System.Object[]
System.Object[]
System.Object[]
H1-H2,Yes,No,Yes,MM,100,0,1,1,1,n/a

System.Object[]
Preparing action: suspend on mmboot
System.Object[]
System.Object[]
System.Object[]
System.Object[]
System.Object[]
System.Object[]
System.Object[]
System.Object[]
IWNR1026I [Aug 16, 2015 12:15:37 PM] The Suspend command in the O2SQ1012_eccdb1012_fcdb1012-MMBoot session completed.

Preparing action: recover on mmboot
System.Object[]
System.Object[]
System.Object[]
System.Object[]
System.Object[]
System.Object[]
System.Object[]
System.Object[]
IWNR1026I [Aug 16, 2015 12:15:45 PM] The Recover command in the O2SQ1012_eccdb1012_fcdb1012-MMBoot session completed.

Preparing action: enable_copy_to_site_1 on mmboot
System.Object[]
System.Object[]
System.Object[]
System.Object[]
System.Object[]
System.Object[]
System.Object[]
System.Object[]
IWNR1026I [Aug 16, 2015 12:15:52 PM] The Enable Copy to Site 1 command in the O2SQ1012_eccdb1012_fcdb1012-MMBoot session completed.

Preparing action: start_h2:h1 on mmboot
System.Object[]
System.Object[]
System.Object[]
System.Object[]
System.Object[]
System.Object[]
System.Object[]
System.Object[]
IWNR1026I [Aug 16, 2015 12:16:00 PM] The Start H2->H1 command in the O2SQ1012_eccdb1012_fcdb1012-MMBoot session completed.

Preparing action: get_state on mmboot
System.Object[]
System.Object[]
System.Object[]
System.Object[]
System.Object[]
System.Object[]
System.Object[]
System.Object[]
Prepared

Preparing action: get_activehost on mmdata
System.Object[]
System.Object[]
System.Object[]
System.Object[]
System.Object[]
System.Object[]
System.Object[]
System.Object[]
H2

System.Object[]
Preparing action: get_activehost on mmboot
System.Object[]
System.Object[]
System.Object[]
System.Object[]
System.Object[]
System.Object[]
System.Object[]
System.Object[]
H2

Preparing action: get_state on mmboot
System.Object[]
System.Object[]
System.Object[]
System.Object[]
System.Object[]
System.Object[]
System.Object[]
System.Object[]
Prepared

Preparing action: get_status on mmboot
System.Object[]
System.Object[]
System.Object[]
System.Object[]
System.Object[]
System.Object[]
System.Object[]
System.Object[]
H1-H2,Yes,No,Yes,MM,100,0,1,1,1,n/a

System.Object[]
Preparing action: suspend on mmboot
System.Object[]
System.Object[]
System.Object[]
System.Object[]
System.Object[]
System.Object[]
System.Object[]
System.Object[]
IWNR1026I [Aug 16, 2015 12:18:58 PM] The Suspend command in the O2SQ1012_eccdb1012_fcdb1012-MMBoot session completed.

Preparing action: recover on mmboot
System.Object[]
System.Object[]
System.Object[]
System.Object[]
System.Object[]
System.Object[]
System.Object[]
System.Object[]
IWNR1026I [Aug 16, 2015 12:19:05 PM] The Recover command in the O2SQ1012_eccdb1012_fcdb1012-MMBoot session completed.

Preparing action: enable_copy_to_site_2 on mmboot
System.Object[]
System.Object[]
System.Object[]
System.Object[]
System.Object[]
System.Object[]
System.Object[]
System.Object[]
IWNR1026I [Aug 16, 2015 12:19:13 PM] The Enable Copy to Site 2 command in the O2SQ1012_eccdb1012_fcdb1012-MMBoot session completed.

Preparing action: start_h1:h2 on mmboot
System.Object[]
System.Object[]
System.Object[]
System.Object[]
System.Object[]
System.Object[]
System.Object[]
System.Object[]
IWNR1026I [Aug 16, 2015 12:19:21 PM] The Start H1->H2 command in the O2SQ1012_eccdb1012_fcdb1012-MMBoot session completed.

Preparing action: get_state on mmboot
System.Object[]
System.Object[]
System.Object[]
System.Object[]
System.Object[]
System.Object[]
System.Object[]
System.Object[]
Prepared

Preparing action: get_activehost on mmdata
System.Object[]
System.Object[]
System.Object[]
System.Object[]
System.Object[]
System.Object[]
System.Object[]
System.Object[]
H2

Preparing action: get_state on mmdata
System.Object[]
System.Object[]
System.Object[]
System.Object[]
System.Object[]
System.Object[]
System.Object[]
System.Object[]
Prepared

Preparing action: get_status on mmdata
System.Object[]
System.Object[]
System.Object[]
System.Object[]
System.Object[]
System.Object[]
System.Object[]
System.Object[]
H1-H2,Yes,No,Yes,MM,100,0,8,8,8,n/a

System.Object[]
Preparing action: suspend on mmdata
System.Object[]
System.Object[]
System.Object[]
System.Object[]
System.Object[]
System.Object[]
System.Object[]
System.Object[]
IWNR1026I [Aug 16, 2015 12:19:59 PM] The Suspend command in the O2SQ1012_eccdb1012_fcdb1012-MMData session completed.

Preparing action: recover on mmdata
System.Object[]
System.Object[]
System.Object[]
System.Object[]
System.Object[]
System.Object[]
System.Object[]
System.Object[]
IWNR1026I [Aug 16, 2015 12:20:07 PM] The Recover command in the O2SQ1012_eccdb1012_fcdb1012-MMData session completed.

Preparing action: enable_copy_to_site_2 on mmdata
System.Object[]
System.Object[]
System.Object[]
System.Object[]
System.Object[]
System.Object[]
System.Object[]
System.Object[]
IWNR1026I [Aug 16, 2015 12:20:14 PM] The Enable Copy to Site 2 command in the O2SQ1012_eccdb1012_fcdb1012-MMData session completed.

Preparing action: start_h1:h2 on mmdata
System.Object[]
System.Object[]
System.Object[]
System.Object[]
System.Object[]
System.Object[]
System.Object[]
System.Object[]
IWNR1026I [Aug 16, 2015 12:20:22 PM] The Start H1->H2 command in the O2SQ1012_eccdb1012_fcdb1012-MMData session completed.

Preparing action: get_state on mmdata
System.Object[]
System.Object[]
System.Object[]
System.Object[]
System.Object[]
System.Object[]
System.Object[]
System.Object[]
Prepared

Preparing action: get_state on mmdata
System.Object[]
System.Object[]
System.Object[]
System.Object[]
System.Object[]
System.Object[]
System.Object[]
System.Object[]
Prepared

Preparing action: get_status on mmdata
System.Object[]
System.Object[]
System.Object[]
System.Object[]
System.Object[]
System.Object[]
System.Object[]
System.Object[]
H1-H2,Yes,No,Yes,MM,100,0,8,8,8,n/a

System.Object[]
Preparing action: suspend on mmdata
System.Object[]
System.Object[]
System.Object[]
System.Object[]
System.Object[]
System.Object[]
System.Object[]
System.Object[]
IWNR1026I [Aug 16, 2015 12:20:53 PM] The Suspend command in the O2SQ1012_eccdb1012_fcdb1012-MMData session completed.

Preparing action: recover on mmdata
System.Object[]
System.Object[]
System.Object[]
System.Object[]
System.Object[]
System.Object[]
System.Object[]
System.Object[]
IWNR1026I [Aug 16, 2015 12:21:01 PM] The Recover command in the O2SQ1012_eccdb1012_fcdb1012-MMData session completed.

Preparing action: enable_copy_to_site_1 on mmdata
System.Object[]
System.Object[]
System.Object[]
System.Object[]
System.Object[]
System.Object[]
System.Object[]
System.Object[]
IWNR1026I [Aug 16, 2015 12:21:09 PM] The Enable Copy to Site 1 command in the O2SQ1012_eccdb1012_fcdb1012-MMData session completed.

Preparing action: start_h2:h1 on mmdata
System.Object[]
System.Object[]
System.Object[]
System.Object[]
System.Object[]
System.Object[]
System.Object[]
System.Object[]
IWNR1026I [Aug 16, 2015 12:21:17 PM] The Start H2->H1 command in the O2SQ1012_eccdb1012_fcdb1012-MMData session completed.

Preparing action: get_state on mmdata
System.Object[]
System.Object[]
System.Object[]
System.Object[]
System.Object[]
System.Object[]
System.Object[]
System.Object[]
Prepared

Preparing action: get_state on mmboot
System.Object[]
System.Object[]
System.Object[]
System.Object[]
System.Object[]
System.Object[]
System.Object[]
System.Object[]
Prepared

Preparing action: get_status on mmboot
System.Object[]
System.Object[]
System.Object[]
System.Object[]
System.Object[]
System.Object[]
System.Object[]
System.Object[]
H1-H2,Yes,No,Yes,MM,100,0,1,1,1,n/a

System.Object[]
Preparing action: suspend on mmboot
System.Object[]
System.Object[]
System.Object[]
System.Object[]
System.Object[]
System.Object[]
System.Object[]
System.Object[]
IWNR1026I [Aug 16, 2015 12:21:48 PM] The Suspend command in the O2SQ1012_eccdb1012_fcdb1012-MMBoot session completed.

Preparing action: recover on mmboot
System.Object[]
System.Object[]
System.Object[]
System.Object[]
System.Object[]
System.Object[]
System.Object[]
System.Object[]
IWNR1026I [Aug 16, 2015 12:21:55 PM] The Recover command in the O2SQ1012_eccdb1012_fcdb1012-MMBoot session completed.

Preparing action: enable_copy_to_site_2 on mmboot
System.Object[]
System.Object[]
System.Object[]
System.Object[]
System.Object[]
System.Object[]
System.Object[]
System.Object[]
IWNC1302E [Aug 16, 2015 12:22:03 PM] The action enable copy to site 2 is not currently valid for this session; valid actions are: start_h1:h2, terminate, enable_copy_to_site_1.

Preparing action: start_h1:h2 on mmboot
System.Object[]
System.Object[]
System.Object[]
System.Object[]
System.Object[]
System.Object[]
System.Object[]
System.Object[]
IWNR1026I [Aug 16, 2015 12:22:11 PM] The Start H1->H2 command in the O2SQ1012_eccdb1012_fcdb1012-MMBoot session completed.

Preparing action: get_state on mmboot
System.Object[]
System.Object[]
System.Object[]
System.Object[]
System.Object[]
System.Object[]
System.Object[]
System.Object[]
Prepared

Preparing action: get_activehost on mmboot
System.Object[]
System.Object[]
System.Object[]
System.Object[]
System.Object[]
System.Object[]
System.Object[]
System.Object[]
H1

Preparing action: get_state on mmboot
System.Object[]
System.Object[]
System.Object[]
System.Object[]
System.Object[]
System.Object[]
System.Object[]
System.Object[]
Prepared

Preparing action: get_status on mmboot
System.Object[]
System.Object[]
System.Object[]
System.Object[]
System.Object[]
System.Object[]
System.Object[]
System.Object[]
H1-H2,Yes,No,Yes,MM,100,0,1,1,1,n/a

System.Object[]
Preparing action: suspend on mmboot
System.Object[]
System.Object[]
System.Object[]
System.Object[]
System.Object[]
System.Object[]
System.Object[]
System.Object[]
IWNR1026I [Aug 16, 2015 12:22:49 PM] The Suspend command in the O2SQ1012_eccdb1012_fcdb1012-MMBoot session completed.

Preparing action: recover on mmboot
System.Object[]
System.Object[]
System.Object[]
System.Object[]
System.Object[]
System.Object[]
System.Object[]
System.Object[]
IWNR1026I [Aug 16, 2015 12:22:57 PM] The Recover command in the O2SQ1012_eccdb1012_fcdb1012-MMBoot session completed.

Preparing action: enable_copy_to_site_2 on mmboot
System.Object[]
System.Object[]
System.Object[]
System.Object[]
System.Object[]
System.Object[]
System.Object[]
System.Object[]
IWNC1302E [Aug 16, 2015 12:23:04 PM] The action enable copy to site 2 is not currently valid for this session; valid actions are: start_h1:h2, terminate, enable_copy_to_site_1.

Preparing action: start_h1:h2 on mmboot
System.Object[]
System.Object[]
System.Object[]
System.Object[]
System.Object[]
System.Object[]
System.Object[]
System.Object[]
IWNR1026I [Aug 16, 2015 12:23:12 PM] The Start H1->H2 command in the O2SQ1012_eccdb1012_fcdb1012-MMBoot session completed.

Preparing action: get_state on mmboot
System.Object[]
System.Object[]
System.Object[]
System.Object[]
System.Object[]
System.Object[]
System.Object[]
System.Object[]
Prepared

Preparing action: get_activehost on mmdata
System.Object[]
System.Object[]
System.Object[]
System.Object[]
System.Object[]
System.Object[]
System.Object[]
System.Object[]
H2

Preparing action: get_state on mmdata
System.Object[]
System.Object[]
System.Object[]
System.Object[]
System.Object[]
System.Object[]
System.Object[]
System.Object[]
Prepared

Preparing action: get_status on mmdata
System.Object[]
System.Object[]
System.Object[]
System.Object[]
System.Object[]
System.Object[]
System.Object[]
System.Object[]
H1-H2,Yes,No,Yes,MM,100,0,8,8,8,n/a

System.Object[]
Preparing action: suspend on mmdata
System.Object[]
System.Object[]
System.Object[]
System.Object[]
System.Object[]
System.Object[]
System.Object[]
System.Object[]
IWNR1026I [Aug 16, 2015 12:23:51 PM] The Suspend command in the O2SQ1012_eccdb1012_fcdb1012-MMData session completed.

Preparing action: recover on mmdata
System.Object[]
System.Object[]
System.Object[]
System.Object[]
System.Object[]
System.Object[]
System.Object[]
System.Object[]
IWNR1026I [Aug 16, 2015 12:23:59 PM] The Recover command in the O2SQ1012_eccdb1012_fcdb1012-MMData session completed.

Preparing action: enable_copy_to_site_2 on mmdata
System.Object[]
System.Object[]
System.Object[]
System.Object[]
System.Object[]
System.Object[]
System.Object[]
System.Object[]
IWNR1026I [Aug 16, 2015 12:24:06 PM] The Enable Copy to Site 2 command in the O2SQ1012_eccdb1012_fcdb1012-MMData session completed.

Preparing action: start_h1:h2 on mmdata
System.Object[]
System.Object[]
System.Object[]
System.Object[]
System.Object[]
System.Object[]
System.Object[]
System.Object[]
IWNR1026I [Aug 16, 2015 12:24:14 PM] The Start H1->H2 command in the O2SQ1012_eccdb1012_fcdb1012-MMData session completed.

Preparing action: get_state on mmdata
System.Object[]
System.Object[]
System.Object[]
System.Object[]
System.Object[]
System.Object[]
System.Object[]
System.Object[]
Prepared

Found session user ID: o2sq1012 in C:\Users\o2sq1012\tpcr-cli\tpcrcli-auth.properties
Locating primary TPC-R server
Preparing action: test_conn on mmboot
System.Object[]
System.Object[]
System.Object[]
System.Object[]
System.Object[]
System.Object[]
System.Object[]
System.Object[]
Currently logged in as o2sq1012 
  Server: eccis791.md2.ford.com Port: 9560 
  Authentication file: C:\Users\o2sq1012\tpcr-cli\tpcrcli-auth.properties

Server name eccis791.md2.ford.com found in C:\storage_tools\csmscripts\cli_script\servers.properties
Preparing action: test_conn on mmboot
System.Object[]
System.Object[]
System.Object[]
System.Object[]
System.Object[]
System.Object[]
System.Object[]
System.Object[]
Currently logged in as o2sq1012 
  Server: eccis791.md2.ford.com Port: 9560 
  Authentication file: C:\Users\o2sq1012\tpcr-cli\tpcrcli-auth.properties

Preparing action: test_conn on mmdata
System.Object[]
System.Object[]
System.Object[]
System.Object[]
System.Object[]
System.Object[]
System.Object[]
System.Object[]
Currently logged in as o2sq1012 
  Server: eccis791.md2.ford.com Port: 9560 
  Authentication file: C:\Users\o2sq1012\tpcr-cli\tpcrcli-auth.properties

Found session user ID: O2DOCREP in C:\Users\O2DOCREP\tpcr-cli\tpcrcli-auth.properties
Locating primary TPC-R server
Preparing action: test_conn on mmboot
System.Object[]
System.Object[]
System.Object[]
System.Object[]
System.Object[]
System.Object[]
System.Object[]
System.Object[]
Currently logged in as O2DOCREP 
  Server: eccis791.md2.ford.com Port: 9560 
  Authentication file: C:\Users\O2DOCREP\tpcr-cli\tpcrcli-auth.properties

Server name eccis791.md2.ford.com found in C:\storage_tools\csmscripts\cli_script\servers.properties
Preparing action: test_conn on mmboot
Found session user ID: O2DOCREP in C:\Users\O2DOCREP\tpcr-cli\tpcrcli-auth.properties
Locating primary TPC-R server
Preparing action: test_conn on mmboot
System.Object[]
System.Object[]
System.Object[]
System.Object[]
System.Object[]
System.Object[]
System.Object[]
System.Object[]
Currently logged in as O2DOCREP 
  Server: eccis791.md2.ford.com Port: 9560 
  Authentication file: C:\Users\O2DOCREP\tpcr-cli\tpcrcli-auth.properties

Server name eccis791.md2.ford.com found in C:\storage_tools\csmscripts\cli_script\servers.properties
Preparing action: test_conn on mmboot
System.Object[]
System.Object[]
System.Object[]
System.Object[]
System.Object[]
System.Object[]
System.Object[]
System.Object[]
Currently logged in as O2DOCREP 
  Server: eccis791.md2.ford.com Port: 9560 
  Authentication file: C:\Users\O2DOCREP\tpcr-cli\tpcrcli-auth.properties

Preparing action: test_conn on mmdata
System.Object[]
System.Object[]
System.Object[]
System.Object[]
System.Object[]
System.Object[]
System.Object[]
System.Object[]
Currently logged in as O2DOCREP 
  Server: eccis791.md2.ford.com Port: 9560 
  Authentication file: C:\Users\O2DOCREP\tpcr-cli\tpcrcli-auth.properties

Found session user ID: O2DOCREP in C:\Users\O2DOCREP\tpcr-cli\tpcrcli-auth.properties
Locating primary TPC-R server
Preparing action: test_conn on mmboot
System.Object[]
System.Object[]
System.Object[]
System.Object[]
System.Object[]
System.Object[]
System.Object[]
System.Object[]
Currently logged in as O2DOCREP 
  Server: eccis791.md2.ford.com Port: 9560 
  Authentication file: C:\Users\O2DOCREP\tpcr-cli\tpcrcli-auth.properties

Server name eccis791.md2.ford.com found in C:\storage_tools\csmscripts\cli_script\servers.properties
Preparing action: get_activehost on mmboot
System.Object[]
System.Object[]
System.Object[]
System.Object[]
System.Object[]
System.Object[]
System.Object[]
System.Object[]
H1

Preparing action: get_state on mmboot
System.Object[]
System.Object[]
System.Object[]
System.Object[]
System.Object[]
System.Object[]
System.Object[]
System.Object[]
Prepared

Preparing action: get_status on mmboot
System.Object[]
System.Object[]
System.Object[]
System.Object[]
System.Object[]
System.Object[]
System.Object[]
System.Object[]
H1-H2,Yes,No,Yes,MM,100,0,1,1,1,n/a

System.Object[]
Preparing action: suspend on mmboot
System.Object[]
System.Object[]
System.Object[]
System.Object[]
System.Object[]
System.Object[]
System.Object[]
System.Object[]
IWNR1026I [Feb 14, 2016 5:54:24 AM] The Suspend command in the O2DOCREP_eccas1666_fcas1666-MMBoot session completed.

Preparing action: recover on mmboot
System.Object[]
System.Object[]
System.Object[]
System.Object[]
System.Object[]
System.Object[]
System.Object[]
System.Object[]
IWNR1026I [Feb 14, 2016 5:54:32 AM] The Recover command in the O2DOCREP_eccas1666_fcas1666-MMBoot session completed.

Preparing action: enable_copy_to_site_1 on mmboot
System.Object[]
System.Object[]
System.Object[]
System.Object[]
System.Object[]
System.Object[]
System.Object[]
System.Object[]
IWNR1026I [Feb 14, 2016 5:54:41 AM] The Enable Copy to Site 1 command in the O2DOCREP_eccas1666_fcas1666-MMBoot session completed.

Preparing action: start_h2:h1 on mmboot
System.Object[]
System.Object[]
System.Object[]
System.Object[]
System.Object[]
System.Object[]
System.Object[]
System.Object[]
IWNR1026I [Feb 14, 2016 5:54:50 AM] The Start H2->H1 command in the O2DOCREP_eccas1666_fcas1666-MMBoot session completed.

Preparing action: get_state on mmboot
System.Object[]
System.Object[]
System.Object[]
System.Object[]
System.Object[]
System.Object[]
System.Object[]
System.Object[]
Prepared

Preparing action: get_activehost on mmdata
System.Object[]
System.Object[]
System.Object[]
System.Object[]
System.Object[]
System.Object[]
System.Object[]
System.Object[]
H1

Preparing action: get_state on mmdata
System.Object[]
System.Object[]
System.Object[]
System.Object[]
System.Object[]
System.Object[]
System.Object[]
System.Object[]
Prepared

Preparing action: get_status on mmdata
System.Object[]
System.Object[]
System.Object[]
System.Object[]
System.Object[]
System.Object[]
System.Object[]
System.Object[]
H1-H2,Yes,No,Yes,MM,100,0,3,3,3,n/a

System.Object[]
Preparing action: suspend on mmdata
System.Object[]
System.Object[]
System.Object[]
System.Object[]
System.Object[]
System.Object[]
System.Object[]
System.Object[]
IWNR1026I [Feb 14, 2016 5:55:33 AM] The Suspend command in the O2DOCREP_eccas1666_fcas1666-MMData session completed.

Preparing action: recover on mmdata
System.Object[]
System.Object[]
System.Object[]
System.Object[]
System.Object[]
System.Object[]
System.Object[]
System.Object[]
IWNR1026I [Feb 14, 2016 5:55:41 AM] The Recover command in the O2DOCREP_eccas1666_fcas1666-MMData session completed.

Preparing action: enable_copy_to_site_1 on mmdata
System.Object[]
System.Object[]
System.Object[]
System.Object[]
System.Object[]
System.Object[]
System.Object[]
System.Object[]
IWNR1026I [Feb 14, 2016 5:55:49 AM] The Enable Copy to Site 1 command in the O2DOCREP_eccas1666_fcas1666-MMData session completed.

Preparing action: start_h2:h1 on mmdata
System.Object[]
System.Object[]
System.Object[]
System.Object[]
System.Object[]
System.Object[]
System.Object[]
System.Object[]
IWNR1026I [Feb 14, 2016 5:55:58 AM] The Start H2->H1 command in the O2DOCREP_eccas1666_fcas1666-MMData session completed.

Preparing action: get_state on mmdata
System.Object[]
System.Object[]
System.Object[]
System.Object[]
System.Object[]
System.Object[]
System.Object[]
System.Object[]
Prepared

Found session user ID: O2DOCREP in C:\Users\O2DOCREP\tpcr-cli\tpcrcli-auth.properties
Locating primary TPC-R server
Preparing action: test_conn on mmboot
Found session user ID: O2DOCREP in C:\Users\O2DOCREP\tpcr-cli\tpcrcli-auth.properties
Locating primary TPC-R server
Preparing action: test_conn on mmboot
System.Object[]
System.Object[]
System.Object[]
System.Object[]
System.Object[]
System.Object[]
System.Object[]
System.Object[]
Currently logged in as O2DOCREP 
  Server: eccis791.md2.ford.com Port: 9560 
  Authentication file: C:\Users\O2DOCREP\tpcr-cli\tpcrcli-auth.properties

Server name eccis791.md2.ford.com found in C:\storage_tools\csmscripts\cli_script\servers.properties
Preparing action: get_activehost on mmboot
System.Object[]
System.Object[]
System.Object[]
System.Object[]
System.Object[]
System.Object[]
System.Object[]
System.Object[]
H2

Preparing action: get_state on mmboot
System.Object[]
System.Object[]
System.Object[]
System.Object[]
System.Object[]
System.Object[]
System.Object[]
System.Object[]
Prepared

Preparing action: get_status on mmboot
System.Object[]
System.Object[]
System.Object[]
System.Object[]
System.Object[]
System.Object[]
System.Object[]
System.Object[]
H1-H2,Yes,No,Yes,MM,100,0,1,1,1,n/a

System.Object[]
Preparing action: suspend on mmboot
System.Object[]
System.Object[]
System.Object[]
System.Object[]
System.Object[]
System.Object[]
System.Object[]
System.Object[]
IWNR1026I [Feb 14, 2016 12:45:06 PM] The Suspend command in the O2DOCREP_eccas1666_fcas1666-MMBoot session completed.

Preparing action: recover on mmboot
System.Object[]
System.Object[]
System.Object[]
System.Object[]
System.Object[]
System.Object[]
System.Object[]
System.Object[]
IWNR1026I [Feb 14, 2016 12:45:15 PM] The Recover command in the O2DOCREP_eccas1666_fcas1666-MMBoot session completed.

Preparing action: enable_copy_to_site_2 on mmboot
System.Object[]
System.Object[]
System.Object[]
System.Object[]
System.Object[]
System.Object[]
System.Object[]
System.Object[]
IWNR1026I [Feb 14, 2016 12:45:23 PM] The Enable Copy to Site 2 command in the O2DOCREP_eccas1666_fcas1666-MMBoot session completed.

Preparing action: start_h1:h2 on mmboot
System.Object[]
System.Object[]
System.Object[]
System.Object[]
System.Object[]
System.Object[]
System.Object[]
System.Object[]
IWNR1026I [Feb 14, 2016 12:45:32 PM] The Start H1->H2 command in the O2DOCREP_eccas1666_fcas1666-MMBoot session completed.

Preparing action: get_state on mmboot
System.Object[]
System.Object[]
System.Object[]
System.Object[]
System.Object[]
System.Object[]
System.Object[]
System.Object[]
Prepared

Preparing action: get_activehost on mmdata
System.Object[]
System.Object[]
System.Object[]
System.Object[]
System.Object[]
System.Object[]
System.Object[]
System.Object[]
H2

Preparing action: get_state on mmdata
System.Object[]
System.Object[]
System.Object[]
System.Object[]
System.Object[]
System.Object[]
System.Object[]
System.Object[]
Prepared

Preparing action: get_status on mmdata
System.Object[]
System.Object[]
System.Object[]
System.Object[]
System.Object[]
System.Object[]
System.Object[]
System.Object[]
H1-H2,Yes,No,Yes,MM,100,0,3,3,3,n/a

System.Object[]
Preparing action: suspend on mmdata
System.Object[]
System.Object[]
System.Object[]
System.Object[]
System.Object[]
System.Object[]
System.Object[]
System.Object[]
IWNR1026I [Feb 14, 2016 12:46:13 PM] The Suspend command in the O2DOCREP_eccas1666_fcas1666-MMData session completed.

Preparing action: recover on mmdata
System.Object[]
System.Object[]
System.Object[]
System.Object[]
System.Object[]
System.Object[]
System.Object[]
System.Object[]
IWNR1026I [Feb 14, 2016 12:46:21 PM] The Recover command in the O2DOCREP_eccas1666_fcas1666-MMData session completed.

Preparing action: enable_copy_to_site_2 on mmdata
System.Object[]
System.Object[]
System.Object[]
System.Object[]
System.Object[]
System.Object[]
System.Object[]
System.Object[]
IWNR1026I [Feb 14, 2016 12:46:29 PM] The Enable Copy to Site 2 command in the O2DOCREP_eccas1666_fcas1666-MMData session completed.

Preparing action: start_h1:h2 on mmdata
System.Object[]
System.Object[]
System.Object[]
System.Object[]
System.Object[]
System.Object[]
System.Object[]
System.Object[]
IWNR1026I [Feb 14, 2016 12:46:37 PM] The Start H1->H2 command in the O2DOCREP_eccas1666_fcas1666-MMData session completed.

Preparing action: get_state on mmdata
System.Object[]
System.Object[]
System.Object[]
System.Object[]
System.Object[]
System.Object[]
System.Object[]
System.Object[]
Prepared

